<?xml version="1.0" encoding="UTF-8"?>
<testsuites name="Amazon" time="20.747" tests="1" failures="0" errors="0">
   <testsuite name="Amazon" tests="1" failures="0" errors="0" time="20.747" skipped="0" timestamp="21-01-2024T12:18:08" hostname="tsgte - TEJASIVAGANESH" id="Test Suites/Amazon_TestSuites/Amazon">
      <properties>
         <property name="deviceName" value=""/>
         <property name="devicePlatform" value=""/>
         <property name="logFolder" value="C:\\Users\\tsgte\\git\\AMAZON_STE_Project\\Reports\\20240121_121804\\Amazon_TestSuites\\Amazon\\20240121_121804"/>
         <property name="logFiles" value="C:\\Users\\tsgte\\git\\AMAZON_STE_Project\\Reports\\20240121_121804\\Amazon_TestSuites\\Amazon\\20240121_121804\\execution0.log"/>
         <property name="attachments" value=""/>
         <property name="hostName" value="tsgte - TEJASIVAGANESH"/>
         <property name="os" value="Windows 11 64bit"/>
         <property name="katalonVersion" value="9.2.0.212"/>
         <property name="browser" value="Edge Chromium 120"/>
         <property name="hostAddress" value="192.168.231.1"/>
         <property name="sessionId" value="e79d3feeab45c10f6c3d53e7e46fb2a7"/>
         <property name="seleniumVersion" value="3.141.59"/>
         <property name="proxyInformation" value="ProxyInformation { proxyOption=NO_PROXY, proxyServerType=HTTP, username=, password=********, proxyServerAddress=, proxyServerPort=0, executionList=&quot;&quot;, isApplyToDesiredCapabilities=true }"/>
         <property name="platform" value="Windows 11"/>
      </properties>
      <testcase name="Test Cases/TC_Amazon_Login_001" time="20.54" classname="Test Cases/TC_Amazon_Login_001" status="PASSED">
         <system-out><![CDATA[21-01-2024T12:18:08 - [TEST_CASE][PASSED] - Test Cases/TC_Amazon_Login_001: Test Cases/TC_Amazon_Login_001

21-01-2024T12:18:09 - [TEST_STEP][PASSED] - openBrowser(""): Browser is opened with url: ''

21-01-2024T12:18:09 - [MESSAGE][INFO] - Starting 'Edge Chromium' driver

21-01-2024T12:18:11 - [MESSAGE][INFO] - Action delay is set to 0 milliseconds

21-01-2024T12:18:12 - [MESSAGE][PASSED] - Browser is opened with url: ''

21-01-2024T12:18:12 - [TEST_STEP][PASSED] - navigateToUrl("https://www.amazon.com/"): Navigate to 'https://www.amazon.com/' successfully

21-01-2024T12:18:18 - [MESSAGE][PASSED] - Navigate to 'https://www.amazon.com/' successfully

21-01-2024T12:18:18 - [TEST_STEP][PASSED] - click(findTestObject("Object Repository/AmazonPages/Amazon_login_OR/Page_Amazon Sign-in/Page_Amazon.com. Spend less. Smile more/span_Sign in")): Object: 'Object Repository/AmazonPages/Amazon_login_OR/Page_Amazon Sign-in/Page_Amazon.com. Spend less. Smile more/span_Sign in' is clicked on

21-01-2024T12:18:23 - [MESSAGE][PASSED] - Object: 'Object Repository/AmazonPages/Amazon_login_OR/Page_Amazon Sign-in/Page_Amazon.com. Spend less. Smile more/span_Sign in' is clicked on

21-01-2024T12:18:23 - [TEST_STEP][PASSED] - setText(findTestObject("Object Repository/AmazonPages/Amazon_login_OR/Page_Amazon Sign-in/Page_Amazon Sign-In/input_Email or mobile phone number_email"), "tsgtejasivaganeshyaka@gmail.com"): Text 'tsgtejasivaganeshyaka@gmail.com' is set on object 'Object Repository/AmazonPages/Amazon_login_OR/Page_Amazon Sign-in/Page_Amazon Sign-In/input_Email or mobile phone number_email'

21-01-2024T12:18:25 - [MESSAGE][PASSED] - Text 'tsgtejasivaganeshyaka@gmail.com' is set on object 'Object Repository/AmazonPages/Amazon_login_OR/Page_Amazon Sign-in/Page_Amazon Sign-In/input_Email or mobile phone number_email'

21-01-2024T12:18:25 - [TEST_STEP][PASSED] - click(findTestObject("Object Repository/AmazonPages/Amazon_login_OR/Page_Amazon Sign-in/Page_Amazon Sign-In/input_Enter your email or mobile phone numb_fc7402")): Object: 'Object Repository/AmazonPages/Amazon_login_OR/Page_Amazon Sign-in/Page_Amazon Sign-In/input_Enter your email or mobile phone numb_fc7402' is clicked on

21-01-2024T12:18:28 - [MESSAGE][PASSED] - Object: 'Object Repository/AmazonPages/Amazon_login_OR/Page_Amazon Sign-in/Page_Amazon Sign-In/input_Enter your email or mobile phone numb_fc7402' is clicked on

21-01-2024T12:18:28 - [TEST_STEP][PASSED] - setEncryptedText(findTestObject("Object Repository/AmazonPages/Amazon_login_OR/Page_Amazon Sign-in/Page_Amazon Sign-In/input_Forgot your password_password"), "gdv+PYs4oLYbw/JXKriXaw=="): Text ****** has been set on object 'Object Repository/AmazonPages/Amazon_login_OR/Page_Amazon Sign-in/Page_Amazon Sign-In/input_Forgot your password_password'

21-01-2024T12:18:28 - [MESSAGE][PASSED] - Text ****** has been set on object 'Object Repository/AmazonPages/Amazon_login_OR/Page_Amazon Sign-in/Page_Amazon Sign-In/input_Forgot your password_password'

21-01-2024T12:18:28 - [TEST_STEP][PASSED] - click(findTestObject("Object Repository/AmazonPages/Amazon_login_OR/Page_Amazon Sign-in/Page_Amazon Sign-In/input_Enter your password_signInSubmit")): Object: 'Object Repository/AmazonPages/Amazon_login_OR/Page_Amazon Sign-in/Page_Amazon Sign-In/input_Enter your password_signInSubmit' is clicked on

21-01-2024T12:18:29 - [MESSAGE][PASSED] - Object: 'Object Repository/AmazonPages/Amazon_login_OR/Page_Amazon Sign-in/Page_Amazon Sign-In/input_Enter your password_signInSubmit' is clicked on

21-01-2024T12:18:29 - [TEST_STEP][PASSED] - closeBrowser(): Browser is closed

21-01-2024T12:18:29 - [MESSAGE][PASSED] - Browser is closed]]></system-out>
         <system-err><![CDATA[]]></system-err>
      </testcase>
      <system-out><![CDATA[21-01-2024T12:18:08 - [TEST_SUITE][PASSED] - Amazon: Test Cases/TC_Amazon_Login_001]]></system-out>
      <system-err><![CDATA[]]></system-err>
   </testsuite>
</testsuites>
