<?xml version="1.0" encoding="UTF-8"?>
<testsuites name="Amazon_ValidateSearch_002" time="126.182" tests="3" failures="0" errors="0">
   <testsuite name="Amazon_ValidateSearch_002" tests="3" failures="0" errors="0" time="126.182" skipped="0" timestamp="23-01-2024T16:49:03" hostname="tsgte - TEJASIVAGANESH" id="Test Suites/Amazon_TestSuits/Amazon_ValidateSearch_002">
      <properties>
         <property name="deviceName" value=""/>
         <property name="devicePlatform" value=""/>
         <property name="logFolder" value="C:\\Users\\tsgte\\git\\TSG25-Software_testing_automation_amazon\\Reports\\20240123_164858\\Amazon_TestSuits\\Amazon_ValidateSearch_002\\20240123_164858"/>
         <property name="logFiles" value="C:\\Users\\tsgte\\git\\TSG25-Software_testing_automation_amazon\\Reports\\20240123_164858\\Amazon_TestSuits\\Amazon_ValidateSearch_002\\20240123_164858\\execution0.log"/>
         <property name="attachments" value=""/>
         <property name="hostName" value="tsgte - TEJASIVAGANESH"/>
         <property name="os" value="Windows 11 64bit"/>
         <property name="katalonVersion" value="9.2.0.212"/>
         <property name="browser" value="Chrome 120.0.0.0"/>
         <property name="hostAddress" value="192.168.76.1"/>
         <property name="sessionId" value="0896805e7e4647780f4201d06a260530"/>
         <property name="seleniumVersion" value="3.141.59"/>
         <property name="proxyInformation" value="ProxyInformation { proxyOption=NO_PROXY, proxyServerType=HTTP, username=, password=********, proxyServerAddress=, proxyServerPort=0, executionList=&quot;&quot;, isApplyToDesiredCapabilities=true }"/>
         <property name="platform" value="Windows 11"/>
      </properties>
      <testcase name="Test Cases/TC_Amazon_ValidateSearchFieldItem_002" time="45.591" classname="Test Cases/TC_Amazon_ValidateSearchFieldItem_002" status="PASSED">
         <system-out><![CDATA[23-01-2024T16:49:03 - [TEST_CASE][PASSED] - Test Cases/TC_Amazon_ValidateSearchFieldItem_002: Test Cases/TC_Amazon_ValidateSearchFieldItem_002

23-01-2024T16:49:03 - [TEST_STEP][PASSED] - Start listener action : sampleBeforeTestCase: null

23-01-2024T16:49:03 - [TEST_STEP][PASSED] - println(testCaseContext.getTestCaseId()): null

23-01-2024T16:49:03 - [TEST_STEP][PASSED] - println(testCaseContext.getTestCaseVariables()): null

23-01-2024T16:49:03 - [TEST_STEP][PASSED] - openBrowser(""): Browser is opened with url: ''

23-01-2024T16:49:04 - [MESSAGE][INFO] - Starting 'Chrome' driver

23-01-2024T16:49:04 - [MESSAGE][INFO] - Action delay is set to 0 milliseconds

23-01-2024T16:49:05 - [MESSAGE][PASSED] - Browser is opened with url: ''

23-01-2024T16:49:05 - [TEST_STEP][PASSED] - navigateToUrl("https://www.amazon.com/"): Navigate to 'https://www.amazon.com/' successfully

23-01-2024T16:49:07 - [MESSAGE][PASSED] - Navigate to 'https://www.amazon.com/' successfully

23-01-2024T16:49:07 - [TEST_STEP][PASSED] - click(findTestObject("AmazonPages/Amazon_ValidateSearchFieldItem_OR/Category_Elements/Page_Amazon.com. Spend less. Smile more/span_Account  Lists")): Object: 'Object Repository/AmazonPages/Amazon_ValidateSearchFieldItem_OR/Category_Elements/Page_Amazon.com. Spend less. Smile more/span_Account  Lists' is clicked on

23-01-2024T16:49:19 - [MESSAGE][PASSED] - Object: 'Object Repository/AmazonPages/Amazon_ValidateSearchFieldItem_OR/Category_Elements/Page_Amazon.com. Spend less. Smile more/span_Account  Lists' is clicked on

23-01-2024T16:49:19 - [TEST_STEP][PASSED] - setText(findTestObject("AmazonPages/Amazon_ValidateSearchFieldItem_OR/Category_Elements/Page_Amazon Sign-In/input_Email or mobile phone number_email"), "yakatejasivaganeshtsg@gmail.com"): Text 'yakatejasivaganeshtsg@gmail.com' is set on object 'Object Repository/AmazonPages/Amazon_ValidateSearchFieldItem_OR/Category_Elements/Page_Amazon Sign-In/input_Email or mobile phone number_email'

23-01-2024T16:49:20 - [MESSAGE][PASSED] - Text 'yakatejasivaganeshtsg@gmail.com' is set on object 'Object Repository/AmazonPages/Amazon_ValidateSearchFieldItem_OR/Category_Elements/Page_Amazon Sign-In/input_Email or mobile phone number_email'

23-01-2024T16:49:20 - [TEST_STEP][PASSED] - click(findTestObject("AmazonPages/Amazon_ValidateSearchFieldItem_OR/Page_Amazon Sign-In/input_Enter your email or mobile phone number_continue")): Object: 'Object Repository/AmazonPages/Amazon_ValidateSearchFieldItem_OR/Page_Amazon Sign-In/input_Enter your email or mobile phone number_continue' is clicked on

23-01-2024T16:49:24 - [MESSAGE][PASSED] - Object: 'Object Repository/AmazonPages/Amazon_ValidateSearchFieldItem_OR/Page_Amazon Sign-In/input_Enter your email or mobile phone number_continue' is clicked on

23-01-2024T16:49:24 - [TEST_STEP][PASSED] - setEncryptedText(findTestObject("AmazonPages/Amazon_ValidateSearchFieldItem_OR/Category_Elements/Page_Amazon Sign-In/input_Forgot your password_password"), "ZGM6yvwC5UE/mm6ehKw+qw=="): Text ****** has been set on object 'Object Repository/AmazonPages/Amazon_ValidateSearchFieldItem_OR/Category_Elements/Page_Amazon Sign-In/input_Forgot your password_password'

23-01-2024T16:49:25 - [MESSAGE][PASSED] - Text ****** has been set on object 'Object Repository/AmazonPages/Amazon_ValidateSearchFieldItem_OR/Category_Elements/Page_Amazon Sign-In/input_Forgot your password_password'

23-01-2024T16:49:25 - [TEST_STEP][PASSED] - click(findTestObject("AmazonPages/Amazon_ValidateSearchFieldItem_OR/Category_Elements/Page_Amazon Sign-In/input_Enter your password_signInSubmit")): Object: 'Object Repository/AmazonPages/Amazon_ValidateSearchFieldItem_OR/Category_Elements/Page_Amazon Sign-In/input_Enter your password_signInSubmit' is clicked on

23-01-2024T16:49:25 - [MESSAGE][PASSED] - Object: 'Object Repository/AmazonPages/Amazon_ValidateSearchFieldItem_OR/Category_Elements/Page_Amazon Sign-In/input_Enter your password_signInSubmit' is clicked on

23-01-2024T16:49:25 - [TEST_STEP][PASSED] - selectOptionByLabel(findTestObject("AmazonPages/Amazon_ValidateSearchFieldItem_OR/Category_Elements/Page_Amazon.com. Spend less. Smile more/Category_Elements"), category, false): All options with label 'Books' are selected in object 'Object Repository/AmazonPages/Amazon_ValidateSearchFieldItem_OR/Category_Elements/Page_Amazon.com. Spend less. Smile more/Category_Elements' 

23-01-2024T16:49:37 - [MESSAGE][PASSED] - All options with label 'Books' are selected in object 'Object Repository/AmazonPages/Amazon_ValidateSearchFieldItem_OR/Category_Elements/Page_Amazon.com. Spend less. Smile more/Category_Elements' 

23-01-2024T16:49:37 - [TEST_STEP][PASSED] - setText(findTestObject("AmazonPages/Amazon_ValidateSearchFieldItem_OR/Category_Elements/Page_Amazon.com. Spend less. Smile more/input_Search Amazon_field-keywords"), items): Text 'Java' is set on object 'Object Repository/AmazonPages/Amazon_ValidateSearchFieldItem_OR/Category_Elements/Page_Amazon.com. Spend less. Smile more/input_Search Amazon_field-keywords'

23-01-2024T16:49:38 - [MESSAGE][PASSED] - Text 'Java' is set on object 'Object Repository/AmazonPages/Amazon_ValidateSearchFieldItem_OR/Category_Elements/Page_Amazon.com. Spend less. Smile more/input_Search Amazon_field-keywords'

23-01-2024T16:49:38 - [TEST_STEP][PASSED] - click(findTestObject("AmazonPages/Amazon_ValidateSearchFieldItem_OR/Category_Elements/Page_Amazon.com. Spend less. Smile more/input_Search Amazon_nav-search-submit-button")): Object: 'Object Repository/AmazonPages/Amazon_ValidateSearchFieldItem_OR/Category_Elements/Page_Amazon.com. Spend less. Smile more/input_Search Amazon_nav-search-submit-button' is clicked on

23-01-2024T16:49:48 - [MESSAGE][PASSED] - Object: 'Object Repository/AmazonPages/Amazon_ValidateSearchFieldItem_OR/Category_Elements/Page_Amazon.com. Spend less. Smile more/input_Search Amazon_nav-search-submit-button' is clicked on

23-01-2024T16:49:48 - [TEST_STEP][PASSED] - closeBrowser(): Browser is closed

23-01-2024T16:49:49 - [MESSAGE][PASSED] - Browser is closed

23-01-2024T16:49:49 - [TEST_STEP][PASSED] - Start listener action : sampleAfterTestCase: null

23-01-2024T16:49:49 - [TEST_STEP][PASSED] - println(testCaseContext.getTestCaseId()): null

23-01-2024T16:49:49 - [TEST_STEP][PASSED] - println(testCaseContext.getTestCaseStatus()): null]]></system-out>
         <system-err><![CDATA[]]></system-err>
      </testcase>
      <testcase name="Test Cases/TC_Amazon_ValidateSearchFieldItem_002" time="41.183" classname="Test Cases/TC_Amazon_ValidateSearchFieldItem_002" status="PASSED">
         <system-out><![CDATA[23-01-2024T16:49:49 - [TEST_CASE][PASSED] - Test Cases/TC_Amazon_ValidateSearchFieldItem_002: Test Cases/TC_Amazon_ValidateSearchFieldItem_002

23-01-2024T16:49:49 - [TEST_STEP][PASSED] - Start listener action : sampleBeforeTestCase: null

23-01-2024T16:49:49 - [TEST_STEP][PASSED] - println(testCaseContext.getTestCaseId()): null

23-01-2024T16:49:49 - [TEST_STEP][PASSED] - println(testCaseContext.getTestCaseVariables()): null

23-01-2024T16:49:49 - [TEST_STEP][PASSED] - openBrowser(""): Browser is opened with url: ''

23-01-2024T16:49:49 - [MESSAGE][INFO] - Starting 'Chrome' driver

23-01-2024T16:49:49 - [MESSAGE][INFO] - Action delay is set to 0 milliseconds

23-01-2024T16:49:50 - [MESSAGE][PASSED] - Browser is opened with url: ''

23-01-2024T16:49:50 - [TEST_STEP][PASSED] - navigateToUrl("https://www.amazon.com/"): Navigate to 'https://www.amazon.com/' successfully

23-01-2024T16:49:52 - [MESSAGE][PASSED] - Navigate to 'https://www.amazon.com/' successfully

23-01-2024T16:49:52 - [TEST_STEP][PASSED] - click(findTestObject("AmazonPages/Amazon_ValidateSearchFieldItem_OR/Category_Elements/Page_Amazon.com. Spend less. Smile more/span_Account  Lists")): Object: 'Object Repository/AmazonPages/Amazon_ValidateSearchFieldItem_OR/Category_Elements/Page_Amazon.com. Spend less. Smile more/span_Account  Lists' is clicked on

23-01-2024T16:50:08 - [MESSAGE][PASSED] - Object: 'Object Repository/AmazonPages/Amazon_ValidateSearchFieldItem_OR/Category_Elements/Page_Amazon.com. Spend less. Smile more/span_Account  Lists' is clicked on

23-01-2024T16:50:08 - [TEST_STEP][PASSED] - setText(findTestObject("AmazonPages/Amazon_ValidateSearchFieldItem_OR/Category_Elements/Page_Amazon Sign-In/input_Email or mobile phone number_email"), "yakatejasivaganeshtsg@gmail.com"): Text 'yakatejasivaganeshtsg@gmail.com' is set on object 'Object Repository/AmazonPages/Amazon_ValidateSearchFieldItem_OR/Category_Elements/Page_Amazon Sign-In/input_Email or mobile phone number_email'

23-01-2024T16:50:11 - [MESSAGE][PASSED] - Text 'yakatejasivaganeshtsg@gmail.com' is set on object 'Object Repository/AmazonPages/Amazon_ValidateSearchFieldItem_OR/Category_Elements/Page_Amazon Sign-In/input_Email or mobile phone number_email'

23-01-2024T16:50:11 - [TEST_STEP][PASSED] - click(findTestObject("AmazonPages/Amazon_ValidateSearchFieldItem_OR/Page_Amazon Sign-In/input_Enter your email or mobile phone number_continue")): Object: 'Object Repository/AmazonPages/Amazon_ValidateSearchFieldItem_OR/Page_Amazon Sign-In/input_Enter your email or mobile phone number_continue' is clicked on

23-01-2024T16:50:14 - [MESSAGE][PASSED] - Object: 'Object Repository/AmazonPages/Amazon_ValidateSearchFieldItem_OR/Page_Amazon Sign-In/input_Enter your email or mobile phone number_continue' is clicked on

23-01-2024T16:50:14 - [TEST_STEP][PASSED] - setEncryptedText(findTestObject("AmazonPages/Amazon_ValidateSearchFieldItem_OR/Category_Elements/Page_Amazon Sign-In/input_Forgot your password_password"), "ZGM6yvwC5UE/mm6ehKw+qw=="): Text ****** has been set on object 'Object Repository/AmazonPages/Amazon_ValidateSearchFieldItem_OR/Category_Elements/Page_Amazon Sign-In/input_Forgot your password_password'

23-01-2024T16:50:14 - [MESSAGE][PASSED] - Text ****** has been set on object 'Object Repository/AmazonPages/Amazon_ValidateSearchFieldItem_OR/Category_Elements/Page_Amazon Sign-In/input_Forgot your password_password'

23-01-2024T16:50:14 - [TEST_STEP][PASSED] - click(findTestObject("AmazonPages/Amazon_ValidateSearchFieldItem_OR/Category_Elements/Page_Amazon Sign-In/input_Enter your password_signInSubmit")): Object: 'Object Repository/AmazonPages/Amazon_ValidateSearchFieldItem_OR/Category_Elements/Page_Amazon Sign-In/input_Enter your password_signInSubmit' is clicked on

23-01-2024T16:50:15 - [MESSAGE][PASSED] - Object: 'Object Repository/AmazonPages/Amazon_ValidateSearchFieldItem_OR/Category_Elements/Page_Amazon Sign-In/input_Enter your password_signInSubmit' is clicked on

23-01-2024T16:50:15 - [TEST_STEP][PASSED] - selectOptionByLabel(findTestObject("AmazonPages/Amazon_ValidateSearchFieldItem_OR/Category_Elements/Page_Amazon.com. Spend less. Smile more/Category_Elements"), category, false): All options with label 'Electronics' are selected in object 'Object Repository/AmazonPages/Amazon_ValidateSearchFieldItem_OR/Category_Elements/Page_Amazon.com. Spend less. Smile more/Category_Elements' 

23-01-2024T16:50:18 - [MESSAGE][PASSED] - All options with label 'Electronics' are selected in object 'Object Repository/AmazonPages/Amazon_ValidateSearchFieldItem_OR/Category_Elements/Page_Amazon.com. Spend less. Smile more/Category_Elements' 

23-01-2024T16:50:18 - [TEST_STEP][PASSED] - setText(findTestObject("AmazonPages/Amazon_ValidateSearchFieldItem_OR/Category_Elements/Page_Amazon.com. Spend less. Smile more/input_Search Amazon_field-keywords"), items): Text 'Lights' is set on object 'Object Repository/AmazonPages/Amazon_ValidateSearchFieldItem_OR/Category_Elements/Page_Amazon.com. Spend less. Smile more/input_Search Amazon_field-keywords'

23-01-2024T16:50:21 - [MESSAGE][PASSED] - Text 'Lights' is set on object 'Object Repository/AmazonPages/Amazon_ValidateSearchFieldItem_OR/Category_Elements/Page_Amazon.com. Spend less. Smile more/input_Search Amazon_field-keywords'

23-01-2024T16:50:21 - [TEST_STEP][PASSED] - click(findTestObject("AmazonPages/Amazon_ValidateSearchFieldItem_OR/Category_Elements/Page_Amazon.com. Spend less. Smile more/input_Search Amazon_nav-search-submit-button")): Object: 'Object Repository/AmazonPages/Amazon_ValidateSearchFieldItem_OR/Category_Elements/Page_Amazon.com. Spend less. Smile more/input_Search Amazon_nav-search-submit-button' is clicked on

23-01-2024T16:50:30 - [MESSAGE][PASSED] - Object: 'Object Repository/AmazonPages/Amazon_ValidateSearchFieldItem_OR/Category_Elements/Page_Amazon.com. Spend less. Smile more/input_Search Amazon_nav-search-submit-button' is clicked on

23-01-2024T16:50:30 - [TEST_STEP][PASSED] - closeBrowser(): Browser is closed

23-01-2024T16:50:30 - [MESSAGE][PASSED] - Browser is closed

23-01-2024T16:50:30 - [TEST_STEP][PASSED] - Start listener action : sampleAfterTestCase: null

23-01-2024T16:50:30 - [TEST_STEP][PASSED] - println(testCaseContext.getTestCaseId()): null

23-01-2024T16:50:30 - [TEST_STEP][PASSED] - println(testCaseContext.getTestCaseStatus()): null]]></system-out>
         <system-err><![CDATA[]]></system-err>
      </testcase>
      <testcase name="Test Cases/TC_Amazon_ValidateSearchFieldItem_002" time="39.023" classname="Test Cases/TC_Amazon_ValidateSearchFieldItem_002" status="PASSED">
         <system-out><![CDATA[23-01-2024T16:50:30 - [TEST_CASE][PASSED] - Test Cases/TC_Amazon_ValidateSearchFieldItem_002: Test Cases/TC_Amazon_ValidateSearchFieldItem_002

23-01-2024T16:50:30 - [TEST_STEP][PASSED] - Start listener action : sampleBeforeTestCase: null

23-01-2024T16:50:30 - [TEST_STEP][PASSED] - println(testCaseContext.getTestCaseId()): null

23-01-2024T16:50:30 - [TEST_STEP][PASSED] - println(testCaseContext.getTestCaseVariables()): null

23-01-2024T16:50:30 - [TEST_STEP][PASSED] - openBrowser(""): Browser is opened with url: ''

23-01-2024T16:50:30 - [MESSAGE][INFO] - Starting 'Chrome' driver

23-01-2024T16:50:30 - [MESSAGE][INFO] - Action delay is set to 0 milliseconds

23-01-2024T16:50:31 - [MESSAGE][PASSED] - Browser is opened with url: ''

23-01-2024T16:50:31 - [TEST_STEP][PASSED] - navigateToUrl("https://www.amazon.com/"): Navigate to 'https://www.amazon.com/' successfully

23-01-2024T16:50:34 - [MESSAGE][PASSED] - Navigate to 'https://www.amazon.com/' successfully

23-01-2024T16:50:34 - [TEST_STEP][PASSED] - click(findTestObject("AmazonPages/Amazon_ValidateSearchFieldItem_OR/Category_Elements/Page_Amazon.com. Spend less. Smile more/span_Account  Lists")): Object: 'Object Repository/AmazonPages/Amazon_ValidateSearchFieldItem_OR/Category_Elements/Page_Amazon.com. Spend less. Smile more/span_Account  Lists' is clicked on

23-01-2024T16:50:45 - [MESSAGE][PASSED] - Object: 'Object Repository/AmazonPages/Amazon_ValidateSearchFieldItem_OR/Category_Elements/Page_Amazon.com. Spend less. Smile more/span_Account  Lists' is clicked on

23-01-2024T16:50:45 - [TEST_STEP][PASSED] - setText(findTestObject("AmazonPages/Amazon_ValidateSearchFieldItem_OR/Category_Elements/Page_Amazon Sign-In/input_Email or mobile phone number_email"), "yakatejasivaganeshtsg@gmail.com"): Text 'yakatejasivaganeshtsg@gmail.com' is set on object 'Object Repository/AmazonPages/Amazon_ValidateSearchFieldItem_OR/Category_Elements/Page_Amazon Sign-In/input_Email or mobile phone number_email'

23-01-2024T16:50:46 - [MESSAGE][PASSED] - Text 'yakatejasivaganeshtsg@gmail.com' is set on object 'Object Repository/AmazonPages/Amazon_ValidateSearchFieldItem_OR/Category_Elements/Page_Amazon Sign-In/input_Email or mobile phone number_email'

23-01-2024T16:50:46 - [TEST_STEP][PASSED] - click(findTestObject("AmazonPages/Amazon_ValidateSearchFieldItem_OR/Page_Amazon Sign-In/input_Enter your email or mobile phone number_continue")): Object: 'Object Repository/AmazonPages/Amazon_ValidateSearchFieldItem_OR/Page_Amazon Sign-In/input_Enter your email or mobile phone number_continue' is clicked on

23-01-2024T16:50:49 - [MESSAGE][PASSED] - Object: 'Object Repository/AmazonPages/Amazon_ValidateSearchFieldItem_OR/Page_Amazon Sign-In/input_Enter your email or mobile phone number_continue' is clicked on

23-01-2024T16:50:49 - [TEST_STEP][PASSED] - setEncryptedText(findTestObject("AmazonPages/Amazon_ValidateSearchFieldItem_OR/Category_Elements/Page_Amazon Sign-In/input_Forgot your password_password"), "ZGM6yvwC5UE/mm6ehKw+qw=="): Text ****** has been set on object 'Object Repository/AmazonPages/Amazon_ValidateSearchFieldItem_OR/Category_Elements/Page_Amazon Sign-In/input_Forgot your password_password'

23-01-2024T16:50:50 - [MESSAGE][PASSED] - Text ****** has been set on object 'Object Repository/AmazonPages/Amazon_ValidateSearchFieldItem_OR/Category_Elements/Page_Amazon Sign-In/input_Forgot your password_password'

23-01-2024T16:50:50 - [TEST_STEP][PASSED] - click(findTestObject("AmazonPages/Amazon_ValidateSearchFieldItem_OR/Category_Elements/Page_Amazon Sign-In/input_Enter your password_signInSubmit")): Object: 'Object Repository/AmazonPages/Amazon_ValidateSearchFieldItem_OR/Category_Elements/Page_Amazon Sign-In/input_Enter your password_signInSubmit' is clicked on

23-01-2024T16:50:50 - [MESSAGE][PASSED] - Object: 'Object Repository/AmazonPages/Amazon_ValidateSearchFieldItem_OR/Category_Elements/Page_Amazon Sign-In/input_Enter your password_signInSubmit' is clicked on

23-01-2024T16:50:50 - [TEST_STEP][PASSED] - selectOptionByLabel(findTestObject("AmazonPages/Amazon_ValidateSearchFieldItem_OR/Category_Elements/Page_Amazon.com. Spend less. Smile more/Category_Elements"), category, false): All options with label 'Computers' are selected in object 'Object Repository/AmazonPages/Amazon_ValidateSearchFieldItem_OR/Category_Elements/Page_Amazon.com. Spend less. Smile more/Category_Elements' 

23-01-2024T16:50:58 - [MESSAGE][PASSED] - All options with label 'Computers' are selected in object 'Object Repository/AmazonPages/Amazon_ValidateSearchFieldItem_OR/Category_Elements/Page_Amazon.com. Spend less. Smile more/Category_Elements' 

23-01-2024T16:50:58 - [TEST_STEP][PASSED] - setText(findTestObject("AmazonPages/Amazon_ValidateSearchFieldItem_OR/Category_Elements/Page_Amazon.com. Spend less. Smile more/input_Search Amazon_field-keywords"), items): Text 'Keyboard' is set on object 'Object Repository/AmazonPages/Amazon_ValidateSearchFieldItem_OR/Category_Elements/Page_Amazon.com. Spend less. Smile more/input_Search Amazon_field-keywords'

23-01-2024T16:51:00 - [MESSAGE][PASSED] - Text 'Keyboard' is set on object 'Object Repository/AmazonPages/Amazon_ValidateSearchFieldItem_OR/Category_Elements/Page_Amazon.com. Spend less. Smile more/input_Search Amazon_field-keywords'

23-01-2024T16:51:00 - [TEST_STEP][PASSED] - click(findTestObject("AmazonPages/Amazon_ValidateSearchFieldItem_OR/Category_Elements/Page_Amazon.com. Spend less. Smile more/input_Search Amazon_nav-search-submit-button")): Object: 'Object Repository/AmazonPages/Amazon_ValidateSearchFieldItem_OR/Category_Elements/Page_Amazon.com. Spend less. Smile more/input_Search Amazon_nav-search-submit-button' is clicked on

23-01-2024T16:51:09 - [MESSAGE][PASSED] - Object: 'Object Repository/AmazonPages/Amazon_ValidateSearchFieldItem_OR/Category_Elements/Page_Amazon.com. Spend less. Smile more/input_Search Amazon_nav-search-submit-button' is clicked on

23-01-2024T16:51:09 - [TEST_STEP][PASSED] - closeBrowser(): Browser is closed

23-01-2024T16:51:09 - [MESSAGE][PASSED] - Browser is closed

23-01-2024T16:51:09 - [TEST_STEP][PASSED] - Start listener action : sampleAfterTestCase: null

23-01-2024T16:51:09 - [TEST_STEP][PASSED] - println(testCaseContext.getTestCaseId()): null

23-01-2024T16:51:09 - [TEST_STEP][PASSED] - println(testCaseContext.getTestCaseStatus()): null]]></system-out>
         <system-err><![CDATA[]]></system-err>
      </testcase>
      <system-out><![CDATA[23-01-2024T16:49:03 - [TEST_SUITE][PASSED] - Amazon_ValidateSearch_002: Test Cases/TC_Amazon_ValidateSearchFieldItem_002]]></system-out>
      <system-err><![CDATA[]]></system-err>
   </testsuite>
</testsuites>
